#
# There is insufficient memory for the Java Runtime Environment to continue.
# Native memory allocation (malloc) failed to allocate 938256 bytes for Chunk::new
# Possible reasons:
#   The system is out of physical RAM or swap space
#   The process is running with CompressedOops enabled, and the Java Heap may be blocking the growth of the native heap
# Possible solutions:
#   Reduce memory load on the system
#   Increase physical memory or swap space
#   Check if swap backing store is full
#   Decrease Java heap size (-Xmx/-Xms)
#   Decrease number of Java threads
#   Decrease Java thread stack sizes (-Xss)
#   Set larger code cache with -XX:ReservedCodeCacheSize=
#   JVM is running with Unscaled Compressed Oops mode in which the Java heap is
#     placed in the first 4GB address space. The Java Heap base address is the
#     maximum limit for the native heap growth. Please use -XX:HeapBaseMinAddress
#     to set the Java Heap base and to place the Java Heap above 4GB virtual address.
# This output file may be truncated or incomplete.
#
#  Out of Memory Error (arena.cpp:191), pid=11800, tid=6624
#
# JRE version: OpenJDK Runtime Environment (17.0.9) (build 17.0.9+0--11185874)
# Java VM: OpenJDK 64-Bit Server VM (17.0.9+0--11185874, mixed mode, tiered, compressed oops, compressed class ptrs, g1 gc, windows-amd64)
# No core dump will be written. Minidumps are not enabled by default on client versions of Windows
#

---------------  S U M M A R Y ------------

Command Line: --add-opens=java.base/java.util=ALL-UNNAMED --add-opens=java.base/java.lang=ALL-UNNAMED --add-opens=java.base/java.lang.invoke=ALL-UNNAMED --add-opens=java.prefs/java.util.prefs=ALL-UNNAMED --add-opens=java.base/java.nio.charset=ALL-UNNAMED --add-opens=java.base/java.net=ALL-UNNAMED --add-opens=java.base/java.util.concurrent.atomic=ALL-UNNAMED -Xmx2048m -Dfile.encoding=UTF-8 -Duser.country=IN -Duser.language=en -Duser.variant org.gradle.launcher.daemon.bootstrap.GradleDaemon 8.0

Host: 11th Gen Intel(R) Core(TM) i5-1135G7 @ 2.40GHz, 8 cores, 7G,  Windows 11 , 64 bit Build 22621 (10.0.22621.3374)
Time: Tue Apr 23 20:36:17 2024 India Standard Time elapsed time: 3.908166 seconds (0d 0h 0m 3s)

---------------  T H R E A D  ---------------

Current thread (0x0000021b264811c0):  JavaThread "C2 CompilerThread1" daemon [_thread_in_native, id=6624, stack(0x000000b60b900000,0x000000b60ba00000)]


Current CompileTask:
C2:   3908 2752       4       org.objectweb.asm.Frame::execute (2318 bytes)

Stack: [0x000000b60b900000,0x000000b60ba00000]
Native frames: (J=compiled Java code, j=interpreted, Vv=VM code, C=native code)
V  [jvm.dll+0x6886e9]
V  [jvm.dll+0x841e4a]
V  [jvm.dll+0x843a8e]
V  [jvm.dll+0x8440f3]
V  [jvm.dll+0x24c14f]
V  [jvm.dll+0xac44c]
V  [jvm.dll+0xaca9c]
V  [jvm.dll+0x2b376f]
V  [jvm.dll+0x590767]
V  [jvm.dll+0x226762]
V  [jvm.dll+0x226b4f]
V  [jvm.dll+0x21fc76]
V  [jvm.dll+0x21d0c1]
V  [jvm.dll+0x1a674d]
V  [jvm.dll+0x22d088]
V  [jvm.dll+0x22b1c0]
V  [jvm.dll+0x7f62f7]
V  [jvm.dll+0x7f06aa]
V  [jvm.dll+0x687565]
C  [ucrtbase.dll+0x29333]
C  [KERNEL32.DLL+0x1257d]
C  [ntdll.dll+0x5aa48]


---------------  P R O C E S S  ---------------

Threads class SMR info:
_java_thread_list=0x0000021b25f91b20, length=34, elements={
0x0000021b0547a2b0, 0x0000021b1f302400, 0x0000021b1f302fc0, 0x0000021b1f30c460,
0x0000021b1f30d020, 0x0000021b1f30dbe0, 0x0000021b1f30e5a0, 0x0000021b1f483020,
0x0000021b1f48f3e0, 0x0000021b1f48fde0, 0x0000021b1f5f7780, 0x0000021b1f5fe100,
0x0000021b25666490, 0x0000021b258d6910, 0x0000021b2603e020, 0x0000021b252ef000,
0x0000021b2609a480, 0x0000021b2609a960, 0x0000021b2609ae40, 0x0000021b261fdf30,
0x0000021b25479620, 0x0000021b254786f0, 0x0000021b25478c00, 0x0000021b254777c0,
0x0000021b25477cd0, 0x0000021b264811c0, 0x0000021b2547a040, 0x0000021b254781e0,
0x0000021b25479110, 0x0000021b25476da0, 0x0000021b25479b30, 0x0000021b2547a550,
0x0000021b264d1c50, 0x0000021b264d0300
}

Java Threads: ( => current thread )
  0x0000021b0547a2b0 JavaThread "main" [_thread_blocked, id=11900, stack(0x000000b60a500000,0x000000b60a600000)]
  0x0000021b1f302400 JavaThread "Reference Handler" daemon [_thread_blocked, id=10364, stack(0x000000b60ac00000,0x000000b60ad00000)]
  0x0000021b1f302fc0 JavaThread "Finalizer" daemon [_thread_blocked, id=10432, stack(0x000000b60ad00000,0x000000b60ae00000)]
  0x0000021b1f30c460 JavaThread "Signal Dispatcher" daemon [_thread_blocked, id=10428, stack(0x000000b60ae00000,0x000000b60af00000)]
  0x0000021b1f30d020 JavaThread "Attach Listener" daemon [_thread_blocked, id=10436, stack(0x000000b60af00000,0x000000b60b000000)]
  0x0000021b1f30dbe0 JavaThread "Service Thread" daemon [_thread_blocked, id=10416, stack(0x000000b60b000000,0x000000b60b100000)]
  0x0000021b1f30e5a0 JavaThread "Monitor Deflation Thread" daemon [_thread_blocked, id=10380, stack(0x000000b60b100000,0x000000b60b200000)]
  0x0000021b1f483020 JavaThread "C2 CompilerThread0" daemon [_thread_in_native, id=11156, stack(0x000000b60b200000,0x000000b60b300000)]
  0x0000021b1f48f3e0 JavaThread "C1 CompilerThread0" daemon [_thread_blocked, id=11168, stack(0x000000b60b300000,0x000000b60b400000)]
  0x0000021b1f48fde0 JavaThread "Sweeper thread" daemon [_thread_blocked, id=3800, stack(0x000000b60b400000,0x000000b60b500000)]
  0x0000021b1f5f7780 JavaThread "Common-Cleaner" daemon [_thread_blocked, id=11624, stack(0x000000b60b500000,0x000000b60b600000)]
  0x0000021b1f5fe100 JavaThread "Notification Thread" daemon [_thread_blocked, id=1552, stack(0x000000b60b600000,0x000000b60b700000)]
  0x0000021b25666490 JavaThread "Daemon health stats" [_thread_blocked, id=11428, stack(0x000000b60be00000,0x000000b60bf00000)]
  0x0000021b258d6910 JavaThread "Incoming local TCP Connector on port 1147" [_thread_in_native, id=1492, stack(0x000000b60bf00000,0x000000b60c000000)]
  0x0000021b2603e020 JavaThread "Daemon periodic checks" [_thread_blocked, id=3904, stack(0x000000b60c000000,0x000000b60c100000)]
  0x0000021b252ef000 JavaThread "Daemon" [_thread_blocked, id=10148, stack(0x000000b60c100000,0x000000b60c200000)]
  0x0000021b2609a480 JavaThread "Handler for socket connection from /127.0.0.1:1147 to /127.0.0.1:1148" [_thread_in_native, id=2248, stack(0x000000b60c200000,0x000000b60c300000)]
  0x0000021b2609a960 JavaThread "Cancel handler" [_thread_blocked, id=12172, stack(0x000000b60c300000,0x000000b60c400000)]
  0x0000021b2609ae40 JavaThread "Daemon worker" [_thread_in_Java, id=6000, stack(0x000000b60c400000,0x000000b60c500000)]
  0x0000021b261fdf30 JavaThread "Asynchronous log dispatcher for DefaultDaemonConnection: socket connection from /127.0.0.1:1147 to /127.0.0.1:1148" [_thread_blocked, id=6560, stack(0x000000b60c500000,0x000000b60c600000)]
  0x0000021b25479620 JavaThread "Stdin handler" [_thread_blocked, id=9752, stack(0x000000b60c600000,0x000000b60c700000)]
  0x0000021b254786f0 JavaThread "Daemon client event forwarder" [_thread_blocked, id=6608, stack(0x000000b60c700000,0x000000b60c800000)]
  0x0000021b25478c00 JavaThread "Cache worker for journal cache (C:\Users\hrp31\.gradle\caches\journal-1)" [_thread_blocked, id=11768, stack(0x000000b60cc00000,0x000000b60cd00000)]
  0x0000021b254777c0 JavaThread "File lock request listener" [_thread_in_native, id=4204, stack(0x000000b60cd00000,0x000000b60ce00000)]
  0x0000021b25477cd0 JavaThread "Cache worker for file hash cache (C:\Users\hrp31\.gradle\caches\8.0\fileHashes)" [_thread_blocked, id=7028, stack(0x000000b60b800000,0x000000b60b900000)]
=>0x0000021b264811c0 JavaThread "C2 CompilerThread1" daemon [_thread_in_native, id=6624, stack(0x000000b60b900000,0x000000b60ba00000)]
  0x0000021b2547a040 JavaThread "File watcher server" daemon [_thread_in_native, id=6752, stack(0x000000b60ce00000,0x000000b60cf00000)]
  0x0000021b254781e0 JavaThread "File watcher consumer" daemon [_thread_blocked, id=6572, stack(0x000000b60cf00000,0x000000b60d000000)]
  0x0000021b25479110 JavaThread "Cache worker for checksums cache (D:\updatedproject\ChattingApp-main\ChattingApp-main\.gradle\8.0\checksums)" [_thread_blocked, id=6568, stack(0x000000b60d000000,0x000000b60d100000)]
  0x0000021b25476da0 JavaThread "Cache worker for cache directory md-rule (C:\Users\hrp31\.gradle\caches\8.0\md-rule)" [_thread_blocked, id=6456, stack(0x000000b60d100000,0x000000b60d200000)]
  0x0000021b25479b30 JavaThread "Cache worker for file content cache (C:\Users\hrp31\.gradle\caches\8.0\fileContent)" [_thread_blocked, id=5844, stack(0x000000b60d200000,0x000000b60d300000)]
  0x0000021b2547a550 JavaThread "Cache worker for file hash cache (D:\updatedproject\ChattingApp-main\ChattingApp-main\.gradle\8.0\fileHashes)" [_thread_blocked, id=4208, stack(0x000000b60d300000,0x000000b60d400000)]
  0x0000021b264d1c50 JavaThread "Cache worker for cache directory md-supplier (C:\Users\hrp31\.gradle\caches\8.0\md-supplier)" [_thread_blocked, id=4200, stack(0x000000b60d400000,0x000000b60d500000)]
  0x0000021b264d0300 JavaThread "Cache worker for execution history cache (C:\Users\hrp31\.gradle\caches\8.0\executionHistory)" [_thread_blocked, id=6812, stack(0x000000b60d500000,0x000000b60d600000)]

Other Threads:
  0x0000021b1f2fe620 VMThread "VM Thread" [stack: 0x000000b60ab00000,0x000000b60ac00000] [id=10368]
  0x0000021b1f600e00 WatcherThread [stack: 0x000000b60b700000,0x000000b60b800000] [id=6052]
  0x0000021b054d54e0 GCTaskThread "GC Thread#0" [stack: 0x000000b60a600000,0x000000b60a700000] [id=11892]
  0x0000021b244088c0 GCTaskThread "GC Thread#1" [stack: 0x000000b60ba00000,0x000000b60bb00000] [id=10924]
  0x0000021b24409570 GCTaskThread "GC Thread#2" [stack: 0x000000b60bb00000,0x000000b60bc00000] [id=5104]
  0x0000021b24bf6380 GCTaskThread "GC Thread#3" [stack: 0x000000b60bc00000,0x000000b60bd00000] [id=8952]
  0x0000021b24fed200 GCTaskThread "GC Thread#4" [stack: 0x000000b60bd00000,0x000000b60be00000] [id=10704]
  0x0000021b253bf210 GCTaskThread "GC Thread#5" [stack: 0x000000b60c800000,0x000000b60c900000] [id=1964]
  0x0000021b2605c120 GCTaskThread "GC Thread#6" [stack: 0x000000b60c900000,0x000000b60ca00000] [id=1888]
  0x0000021b2613a030 GCTaskThread "GC Thread#7" [stack: 0x000000b60ca00000,0x000000b60cb00000] [id=3304]
  0x0000021b054e6430 ConcurrentGCThread "G1 Main Marker" [stack: 0x000000b60a700000,0x000000b60a800000] [id=11100]
  0x0000021b054e6e50 ConcurrentGCThread "G1 Conc#0" [stack: 0x000000b60a800000,0x000000b60a900000] [id=10412]
  0x0000021b2606b490 ConcurrentGCThread "G1 Conc#1" [stack: 0x000000b60cb00000,0x000000b60cc00000] [id=1900]
  0x0000021b0552d6d0 ConcurrentGCThread "G1 Refine#0" [stack: 0x000000b60a900000,0x000000b60aa00000] [id=5160]
  0x0000021b0552e710 ConcurrentGCThread "G1 Service" [stack: 0x000000b60aa00000,0x000000b60ab00000] [id=10372]

Threads with active compile tasks:
C2 CompilerThread0     3937 2769   !   4       java.net.URL::<init> (543 bytes)
C2 CompilerThread1     3937 2752       4       org.objectweb.asm.Frame::execute (2318 bytes)

VM state: not at safepoint (normal execution)

VM Mutex/Monitor currently owned by a thread: None

Heap address: 0x0000000080000000, size: 2048 MB, Compressed Oops mode: 32-bit

CDS archive(s) not mapped
Compressed class space mapped at: 0x0000000100000000-0x0000000140000000, reserved size: 1073741824
Narrow klass base: 0x0000000000000000, Narrow klass shift: 3, Narrow klass range: 0x140000000

GC Precious Log:
 CPUs: 8 total, 8 available
 Memory: 7926M
 Large Page Support: Disabled
 NUMA Support: Disabled
 Compressed Oops: Enabled (32-bit)
 Heap Region Size: 1M
 Heap Min Capacity: 8M
 Heap Initial Capacity: 124M
 Heap Max Capacity: 2G
 Pre-touch: Disabled
 Parallel Workers: 8
 Concurrent Workers: 2
 Concurrent Refinement Workers: 8
 Periodic GC: Disabled

Heap:
 garbage-first heap   total 68608K, used 46529K [0x0000000080000000, 0x0000000100000000)
  region size 1024K, 27 young (27648K), 2 survivors (2048K)
 Metaspace       used 34236K, committed 34560K, reserved 1114112K
  class space    used 4703K, committed 4864K, reserved 1048576K

Heap Regions: E=young(eden), S=young(survivor), O=old, HS=humongous(starts), HC=humongous(continues), CS=collection set, F=free, OA=open archive, CA=closed archive, TAMS=top-at-mark-start (previous, next)
|   0|0x0000000080000000, 0x0000000080100000, 0x0000000080100000|100%|HS|  |TAMS 0x0000000080100000, 0x0000000080000000| Complete 
|   1|0x0000000080100000, 0x0000000080200000, 0x0000000080200000|100%|HC|  |TAMS 0x0000000080200000, 0x0000000080100000| Complete 
|   2|0x0000000080200000, 0x0000000080300000, 0x0000000080300000|100%|HC|  |TAMS 0x0000000080300000, 0x0000000080200000| Complete 
|   3|0x0000000080300000, 0x0000000080400000, 0x0000000080400000|100%|HC|  |TAMS 0x0000000080400000, 0x0000000080300000| Complete 
|   4|0x0000000080400000, 0x0000000080500000, 0x0000000080500000|100%| O|  |TAMS 0x0000000080500000, 0x0000000080400000| Untracked 
|   5|0x0000000080500000, 0x0000000080600000, 0x0000000080600000|100%| O|  |TAMS 0x0000000080600000, 0x0000000080500000| Untracked 
|   6|0x0000000080600000, 0x0000000080700000, 0x0000000080700000|100%| O|  |TAMS 0x0000000080700000, 0x0000000080600000| Untracked 
|   7|0x0000000080700000, 0x0000000080800000, 0x0000000080800000|100%| O|  |TAMS 0x0000000080700000, 0x0000000080700000| Untracked 
|   8|0x0000000080800000, 0x0000000080900000, 0x0000000080900000|100%| O|  |TAMS 0x0000000080900000, 0x0000000080800000| Untracked 
|   9|0x0000000080900000, 0x0000000080900000, 0x0000000080a00000|  0%| F|  |TAMS 0x0000000080900000, 0x0000000080900000| Untracked 
|  10|0x0000000080a00000, 0x0000000080ae8800, 0x0000000080b00000| 90%| O|  |TAMS 0x0000000080ae8800, 0x0000000080a00000| Untracked 
|  11|0x0000000080b00000, 0x0000000080c00000, 0x0000000080c00000|100%| O|  |TAMS 0x0000000080b00000, 0x0000000080b00000| Untracked 
|  12|0x0000000080c00000, 0x0000000080d00000, 0x0000000080d00000|100%| O|  |TAMS 0x0000000080c00000, 0x0000000080c00000| Untracked 
|  13|0x0000000080d00000, 0x0000000080e00000, 0x0000000080e00000|100%| O|  |TAMS 0x0000000080d00000, 0x0000000080d00000| Untracked 
|  14|0x0000000080e00000, 0x0000000080f00000, 0x0000000080f00000|100%| O|  |TAMS 0x0000000080e00000, 0x0000000080e00000| Untracked 
|  15|0x0000000080f00000, 0x0000000081000000, 0x0000000081000000|100%| O|  |TAMS 0x0000000080f00000, 0x0000000080f00000| Untracked 
|  16|0x0000000081000000, 0x0000000081100000, 0x0000000081100000|100%| O|  |TAMS 0x0000000081000000, 0x0000000081000000| Untracked 
|  17|0x0000000081100000, 0x0000000081200000, 0x0000000081200000|100%| O|  |TAMS 0x0000000081100000, 0x0000000081100000| Untracked 
|  18|0x0000000081200000, 0x0000000081300000, 0x0000000081300000|100%| O|  |TAMS 0x0000000081200000, 0x0000000081200000| Untracked 
|  19|0x0000000081300000, 0x0000000081400000, 0x0000000081400000|100%| O|  |TAMS 0x0000000081300000, 0x0000000081300000| Untracked 
|  20|0x0000000081400000, 0x0000000081500000, 0x0000000081500000|100%| O|  |TAMS 0x0000000081400000, 0x0000000081400000| Untracked 
|  21|0x0000000081500000, 0x0000000081514400, 0x0000000081600000|  7%| O|  |TAMS 0x0000000081500000, 0x0000000081500000| Untracked 
|  22|0x0000000081600000, 0x0000000081600000, 0x0000000081700000|  0%| F|  |TAMS 0x0000000081600000, 0x0000000081600000| Untracked 
|  23|0x0000000081700000, 0x0000000081700000, 0x0000000081800000|  0%| F|  |TAMS 0x0000000081700000, 0x0000000081700000| Untracked 
|  24|0x0000000081800000, 0x0000000081800000, 0x0000000081900000|  0%| F|  |TAMS 0x0000000081800000, 0x0000000081800000| Untracked 
|  25|0x0000000081900000, 0x0000000081900000, 0x0000000081a00000|  0%| F|  |TAMS 0x0000000081900000, 0x0000000081900000| Untracked 
|  26|0x0000000081a00000, 0x0000000081a00000, 0x0000000081b00000|  0%| F|  |TAMS 0x0000000081a00000, 0x0000000081a00000| Untracked 
|  27|0x0000000081b00000, 0x0000000081b00000, 0x0000000081c00000|  0%| F|  |TAMS 0x0000000081b00000, 0x0000000081b00000| Untracked 
|  28|0x0000000081c00000, 0x0000000081c00000, 0x0000000081d00000|  0%| F|  |TAMS 0x0000000081c00000, 0x0000000081c00000| Untracked 
|  29|0x0000000081d00000, 0x0000000081d00000, 0x0000000081e00000|  0%| F|  |TAMS 0x0000000081d00000, 0x0000000081d00000| Untracked 
|  30|0x0000000081e00000, 0x0000000081e00000, 0x0000000081f00000|  0%| F|  |TAMS 0x0000000081e00000, 0x0000000081e00000| Untracked 
|  31|0x0000000081f00000, 0x0000000081f00000, 0x0000000082000000|  0%| F|  |TAMS 0x0000000081f00000, 0x0000000081f00000| Untracked 
|  32|0x0000000082000000, 0x0000000082000000, 0x0000000082100000|  0%| F|  |TAMS 0x0000000082000000, 0x0000000082000000| Untracked 
|  33|0x0000000082100000, 0x0000000082100000, 0x0000000082200000|  0%| F|  |TAMS 0x0000000082100000, 0x0000000082100000| Untracked 
|  34|0x0000000082200000, 0x0000000082200000, 0x0000000082300000|  0%| F|  |TAMS 0x0000000082200000, 0x0000000082200000| Untracked 
|  35|0x0000000082300000, 0x0000000082300000, 0x0000000082400000|  0%| F|  |TAMS 0x0000000082300000, 0x0000000082300000| Untracked 
|  36|0x0000000082400000, 0x0000000082400000, 0x0000000082500000|  0%| F|  |TAMS 0x0000000082400000, 0x0000000082400000| Untracked 
|  37|0x0000000082500000, 0x0000000082500000, 0x0000000082600000|  0%| F|  |TAMS 0x0000000082500000, 0x0000000082500000| Untracked 
|  38|0x0000000082600000, 0x0000000082600000, 0x0000000082700000|  0%| F|  |TAMS 0x0000000082600000, 0x0000000082600000| Untracked 
|  39|0x0000000082700000, 0x0000000082773880, 0x0000000082800000| 45%| S|CS|TAMS 0x0000000082700000, 0x0000000082700000| Complete 
|  40|0x0000000082800000, 0x0000000082900000, 0x0000000082900000|100%| S|CS|TAMS 0x0000000082800000, 0x0000000082800000| Complete 
|  41|0x0000000082900000, 0x0000000082900000, 0x0000000082a00000|  0%| F|  |TAMS 0x0000000082900000, 0x0000000082900000| Untracked 
|  42|0x0000000082a00000, 0x0000000082ad30c8, 0x0000000082b00000| 82%| E|  |TAMS 0x0000000082a00000, 0x0000000082a00000| Complete 
|  43|0x0000000082b00000, 0x0000000082c00000, 0x0000000082c00000|100%| E|CS|TAMS 0x0000000082b00000, 0x0000000082b00000| Complete 
|  44|0x0000000082c00000, 0x0000000082d00000, 0x0000000082d00000|100%| E|CS|TAMS 0x0000000082c00000, 0x0000000082c00000| Complete 
|  45|0x0000000082d00000, 0x0000000082e00000, 0x0000000082e00000|100%| E|CS|TAMS 0x0000000082d00000, 0x0000000082d00000| Complete 
|  46|0x0000000082e00000, 0x0000000082f00000, 0x0000000082f00000|100%| E|CS|TAMS 0x0000000082e00000, 0x0000000082e00000| Complete 
|  47|0x0000000082f00000, 0x0000000083000000, 0x0000000083000000|100%| E|CS|TAMS 0x0000000082f00000, 0x0000000082f00000| Complete 
|  48|0x0000000083000000, 0x0000000083100000, 0x0000000083100000|100%| E|CS|TAMS 0x0000000083000000, 0x0000000083000000| Complete 
|  49|0x0000000083100000, 0x0000000083200000, 0x0000000083200000|100%| E|CS|TAMS 0x0000000083100000, 0x0000000083100000| Complete 
|  50|0x0000000083200000, 0x0000000083300000, 0x0000000083300000|100%| E|CS|TAMS 0x0000000083200000, 0x0000000083200000| Complete 
|  51|0x0000000083300000, 0x0000000083400000, 0x0000000083400000|100%| E|CS|TAMS 0x0000000083300000, 0x0000000083300000| Complete 
|  52|0x0000000083400000, 0x0000000083500000, 0x0000000083500000|100%| E|CS|TAMS 0x0000000083400000, 0x0000000083400000| Complete 
|  53|0x0000000083500000, 0x0000000083600000, 0x0000000083600000|100%| E|CS|TAMS 0x0000000083500000, 0x0000000083500000| Complete 
|  54|0x0000000083600000, 0x0000000083700000, 0x0000000083700000|100%| E|CS|TAMS 0x0000000083600000, 0x0000000083600000| Complete 
|  55|0x0000000083700000, 0x0000000083800000, 0x0000000083800000|100%| E|CS|TAMS 0x0000000083700000, 0x0000000083700000| Complete 
|  56|0x0000000083800000, 0x0000000083900000, 0x0000000083900000|100%| E|CS|TAMS 0x0000000083800000, 0x0000000083800000| Complete 
|  75|0x0000000084b00000, 0x0000000084c00000, 0x0000000084c00000|100%| E|CS|TAMS 0x0000000084b00000, 0x0000000084b00000| Complete 
|  76|0x0000000084c00000, 0x0000000084d00000, 0x0000000084d00000|100%| E|CS|TAMS 0x0000000084c00000, 0x0000000084c00000| Complete 
|  77|0x0000000084d00000, 0x0000000084e00000, 0x0000000084e00000|100%| E|CS|TAMS 0x0000000084d00000, 0x0000000084d00000| Complete 
|  78|0x0000000084e00000, 0x0000000084f00000, 0x0000000084f00000|100%| E|CS|TAMS 0x0000000084e00000, 0x0000000084e00000| Complete 
|  79|0x0000000084f00000, 0x0000000085000000, 0x0000000085000000|100%| E|CS|TAMS 0x0000000084f00000, 0x0000000084f00000| Complete 
|  80|0x0000000085000000, 0x0000000085100000, 0x0000000085100000|100%| E|CS|TAMS 0x0000000085000000, 0x0000000085000000| Complete 
|  81|0x0000000085100000, 0x0000000085200000, 0x0000000085200000|100%| E|CS|TAMS 0x0000000085100000, 0x0000000085100000| Complete 
|  82|0x0000000085200000, 0x0000000085300000, 0x0000000085300000|100%| E|CS|TAMS 0x0000000085200000, 0x0000000085200000| Complete 
|  83|0x0000000085300000, 0x0000000085400000, 0x0000000085400000|100%| E|CS|TAMS 0x0000000085300000, 0x0000000085300000| Complete 
| 123|0x0000000087b00000, 0x0000000087c00000, 0x0000000087c00000|100%| E|CS|TAMS 0x0000000087b00000, 0x0000000087b00000| Complete 

Card table byte_map: [0x0000021b18090000,0x0000021b18490000] _byte_map_base: 0x0000021b17c90000

Marking Bits (Prev, Next): (CMBitMap*) 0x0000021b054d5b40, (CMBitMap*) 0x0000021b054d5b00
 Prev Bits: [0x0000021b1a890000, 0x0000021b1c890000)
 Next Bits: [0x0000021b18890000, 0x0000021b1a890000)

Polling page: 0x0000021b03410000

Metaspace:

Usage:
  Non-class:     28.86 MB used.
      Class:      4.60 MB used.
       Both:     33.45 MB used.

Virtual space:
  Non-class space:       64.00 MB reserved,      29.00 MB ( 45%) committed,  1 nodes.
      Class space:        1.00 GB reserved,       4.75 MB ( <1%) committed,  1 nodes.
             Both:        1.06 GB reserved,      33.75 MB (  3%) committed. 

Chunk freelists:
   Non-Class:  2.94 MB
       Class:  11.27 MB
        Both:  14.21 MB

MaxMetaspaceSize: unlimited
CompressedClassSpaceSize: 1.00 GB
Initial GC threshold: 21.00 MB
Current GC threshold: 35.12 MB
CDS: off
MetaspaceReclaimPolicy: balanced
 - commit_granule_bytes: 65536.
 - commit_granule_words: 8192.
 - virtual_space_node_default_size: 8388608.
 - enlarge_chunks_in_place: 1.
 - new_chunks_are_fully_committed: 0.
 - uncommit_free_chunks: 1.
 - use_allocation_guard: 0.
 - handle_deallocations: 1.


Internal statistics:

num_allocs_failed_limit: 3.
num_arena_births: 284.
num_arena_deaths: 0.
num_vsnodes_births: 2.
num_vsnodes_deaths: 0.
num_space_committed: 540.
num_space_uncommitted: 0.
num_chunks_returned_to_freelist: 3.
num_chunks_taken_from_freelist: 1217.
num_chunk_merges: 3.
num_chunk_splits: 810.
num_chunks_enlarged: 590.
num_inconsistent_stats: 0.

CodeHeap 'non-profiled nmethods': size=120000Kb used=1571Kb max_used=1571Kb free=118428Kb
 bounds [0x0000021b10420000, 0x0000021b10690000, 0x0000021b17950000]
CodeHeap 'profiled nmethods': size=120000Kb used=5721Kb max_used=5721Kb free=114278Kb
 bounds [0x0000021b08950000, 0x0000021b08ef0000, 0x0000021b0fe80000]
CodeHeap 'non-nmethods': size=5760Kb used=1246Kb max_used=1287Kb free=4513Kb
 bounds [0x0000021b0fe80000, 0x0000021b100f0000, 0x0000021b10420000]
 total_blobs=3335 nmethods=2790 adapters=457
 compilation: enabled
              stopped_count=0, restarted_count=0
 full_count=0

Compilation events (20 events):
Event: 3.807 Thread 0x0000021b1f48f3e0 2754       3       org.objectweb.asm.MethodWriter::visitTypeInsn (116 bytes)
Event: 3.808 Thread 0x0000021b1f48f3e0 nmethod 2754 0x0000021b08edaf90 code [0x0000021b08edb180, 0x0000021b08edb5e8]
Event: 3.810 Thread 0x0000021b1f48f3e0 2761       3       java.util.ImmutableCollections$AbstractImmutableList::<init> (5 bytes)
Event: 3.810 Thread 0x0000021b1f48f3e0 nmethod 2761 0x0000021b08edb810 code [0x0000021b08edb9c0, 0x0000021b08edbbf8]
Event: 3.832 Thread 0x0000021b1f483020 nmethod 2741 0x0000021b105a2210 code [0x0000021b105a2420, 0x0000021b105a3650]
Event: 3.832 Thread 0x0000021b1f483020 2756       4       java.lang.invoke.MethodTypeForm::canonicalize (74 bytes)
Event: 3.833 Thread 0x0000021b1f483020 nmethod 2756 0x0000021b105a4010 code [0x0000021b105a4180, 0x0000021b105a4238]
Event: 3.833 Thread 0x0000021b1f483020 2755       4       org.objectweb.asm.Symbol::<init> (38 bytes)
Event: 3.835 Thread 0x0000021b1f483020 nmethod 2755 0x0000021b105a4310 code [0x0000021b105a4480, 0x0000021b105a4798]
Event: 3.845 Thread 0x0000021b1f483020 2767   !   4       java.util.zip.ZipFile$ZipFileInflaterInputStream::close (67 bytes)
Event: 3.850 Thread 0x0000021b1f483020 nmethod 2767 0x0000021b105a4810 code [0x0000021b105a49e0, 0x0000021b105a52e8]
Event: 3.856 Thread 0x0000021b1f483020 2768       4       java.util.WeakHashMap::put (160 bytes)
Event: 3.890 Thread 0x0000021b1f483020 nmethod 2768 0x0000021b105a5710 code [0x0000021b105a5900, 0x0000021b105a7568]
Event: 3.891 Thread 0x0000021b1f483020 2769   !   4       java.net.URL::<init> (543 bytes)
Event: 3.899 Thread 0x0000021b1f48f3e0 2771       3       java.io.DataInputStream::readInt (68 bytes)
Event: 3.899 Thread 0x0000021b1f48f3e0 nmethod 2771 0x0000021b08edbd10 code [0x0000021b08edbf00, 0x0000021b08edc448]
Event: 3.899 Thread 0x0000021b1f48f3e0 2772       3       org.codehaus.groovy.reflection.GeneratedMetaMethod$DgmMethodRecord::<init> (5 bytes)
Event: 3.899 Thread 0x0000021b1f48f3e0 nmethod 2772 0x0000021b08edc610 code [0x0000021b08edc7a0, 0x0000021b08edc8f8]
Event: 3.903 Thread 0x0000021b1f48f3e0 2775       3       java.util.concurrent.locks.ReentrantLock$Sync::isHeldExclusively (16 bytes)
Event: 3.904 Thread 0x0000021b1f48f3e0 nmethod 2775 0x0000021b08edc990 code [0x0000021b08edcb20, 0x0000021b08edccb8]

GC Heap History (12 events):
Event: 0.576 GC heap before
{Heap before GC invocations=0 (full 0):
 garbage-first heap   total 126976K, used 26624K [0x0000000080000000, 0x0000000100000000)
  region size 1024K, 23 young (23552K), 0 survivors (0K)
 Metaspace       used 10304K, committed 10496K, reserved 1114112K
  class space    used 1063K, committed 1152K, reserved 1048576K
}
Event: 0.582 GC heap after
{Heap after GC invocations=1 (full 0):
 garbage-first heap   total 126976K, used 10056K [0x0000000080000000, 0x0000000100000000)
  region size 1024K, 3 young (3072K), 3 survivors (3072K)
 Metaspace       used 10304K, committed 10496K, reserved 1114112K
  class space    used 1063K, committed 1152K, reserved 1048576K
}
Event: 0.919 GC heap before
{Heap before GC invocations=1 (full 0):
 garbage-first heap   total 126976K, used 39752K [0x0000000080000000, 0x0000000100000000)
  region size 1024K, 31 young (31744K), 3 survivors (3072K)
 Metaspace       used 11248K, committed 11456K, reserved 1114112K
  class space    used 1167K, committed 1280K, reserved 1048576K
}
Event: 0.928 GC heap after
{Heap after GC invocations=2 (full 0):
 garbage-first heap   total 126976K, used 14201K [0x0000000080000000, 0x0000000100000000)
  region size 1024K, 4 young (4096K), 4 survivors (4096K)
 Metaspace       used 11248K, committed 11456K, reserved 1114112K
  class space    used 1167K, committed 1280K, reserved 1048576K
}
Event: 1.708 GC heap before
{Heap before GC invocations=2 (full 0):
 garbage-first heap   total 126976K, used 50041K [0x0000000080000000, 0x0000000100000000)
  region size 1024K, 40 young (40960K), 4 survivors (4096K)
 Metaspace       used 21292K, committed 21504K, reserved 1114112K
  class space    used 2560K, committed 2688K, reserved 1048576K
}
Event: 1.715 GC heap after
{Heap after GC invocations=3 (full 0):
 garbage-first heap   total 126976K, used 18942K [0x0000000080000000, 0x0000000100000000)
  region size 1024K, 9 young (9216K), 9 survivors (9216K)
 Metaspace       used 21292K, committed 21504K, reserved 1114112K
  class space    used 2560K, committed 2688K, reserved 1048576K
}
Event: 2.675 GC heap before
{Heap before GC invocations=4 (full 0):
 garbage-first heap   total 68608K, used 50686K [0x0000000080000000, 0x0000000100000000)
  region size 1024K, 40 young (40960K), 9 survivors (9216K)
 Metaspace       used 26281K, committed 26560K, reserved 1114112K
  class space    used 3428K, committed 3520K, reserved 1048576K
}
Event: 2.684 GC heap after
{Heap after GC invocations=5 (full 0):
 garbage-first heap   total 68608K, used 20842K [0x0000000080000000, 0x0000000100000000)
  region size 1024K, 3 young (3072K), 3 survivors (3072K)
 Metaspace       used 26281K, committed 26560K, reserved 1114112K
  class space    used 3428K, committed 3520K, reserved 1048576K
}
Event: 2.734 GC heap before
{Heap before GC invocations=5 (full 0):
 garbage-first heap   total 68608K, used 21866K [0x0000000080000000, 0x0000000100000000)
  region size 1024K, 4 young (4096K), 3 survivors (3072K)
 Metaspace       used 26395K, committed 26688K, reserved 1114112K
  class space    used 3447K, committed 3584K, reserved 1048576K
}
Event: 2.737 GC heap after
{Heap after GC invocations=6 (full 0):
 garbage-first heap   total 68608K, used 20848K [0x0000000080000000, 0x0000000100000000)
  region size 1024K, 1 young (1024K), 1 survivors (1024K)
 Metaspace       used 26395K, committed 26688K, reserved 1114112K
  class space    used 3447K, committed 3584K, reserved 1048576K
}
Event: 3.402 GC heap before
{Heap before GC invocations=6 (full 0):
 garbage-first heap   total 68608K, used 46448K [0x0000000080000000, 0x0000000100000000)
  region size 1024K, 26 young (26624K), 1 survivors (1024K)
 Metaspace       used 30357K, committed 30656K, reserved 1114112K
  class space    used 4106K, committed 4288K, reserved 1048576K
}
Event: 3.407 GC heap after
{Heap after GC invocations=7 (full 0):
 garbage-first heap   total 68608K, used 21953K [0x0000000080000000, 0x0000000100000000)
  region size 1024K, 2 young (2048K), 2 survivors (2048K)
 Metaspace       used 30357K, committed 30656K, reserved 1114112K
  class space    used 4106K, committed 4288K, reserved 1048576K
}

Dll operation events (2 events):
Event: 0.006 Loaded shared library C:\Program Files\Android\Android Studio1\jbr\bin\java.dll
Event: 0.324 Loaded shared library C:\Program Files\Android\Android Studio1\jbr\bin\verify.dll

Deoptimization events (20 events):
Event: 2.010 Thread 0x0000021b2609ae40 Uncommon trap: trap_request=0xffffff45 fr.pc=0x0000021b1048fa9c relative=0x00000000000005fc
Event: 2.010 Thread 0x0000021b2609ae40 Uncommon trap: reason=unstable_if action=reinterpret pc=0x0000021b1048fa9c method=java.io.File.getName()Ljava/lang/String; @ 16 c2
Event: 2.010 Thread 0x0000021b2609ae40 DEOPT PACKING pc=0x0000021b1048fa9c sp=0x000000b60c4fccb0
Event: 2.010 Thread 0x0000021b2609ae40 DEOPT UNPACKING pc=0x0000021b0feda1a3 sp=0x000000b60c4fcc80 mode 2
Event: 2.202 Thread 0x0000021b2609ae40 Uncommon trap: trap_request=0xffffff45 fr.pc=0x0000021b104e6a38 relative=0x0000000000000198
Event: 2.202 Thread 0x0000021b2609ae40 Uncommon trap: reason=unstable_if action=reinterpret pc=0x0000021b104e6a38 method=java.util.WeakHashMap.expungeStaleEntries()V @ 9 c2
Event: 2.202 Thread 0x0000021b2609ae40 DEOPT PACKING pc=0x0000021b104e6a38 sp=0x000000b60c4fa440
Event: 2.202 Thread 0x0000021b2609ae40 DEOPT UNPACKING pc=0x0000021b0feda1a3 sp=0x000000b60c4fa3d8 mode 2
Event: 2.592 Thread 0x0000021b2609ae40 Uncommon trap: trap_request=0xffffff45 fr.pc=0x0000021b1051e00c relative=0x00000000000002cc
Event: 2.592 Thread 0x0000021b2609ae40 Uncommon trap: reason=unstable_if action=reinterpret pc=0x0000021b1051e00c method=java.util.HashMap.getNode(Ljava/lang/Object;)Ljava/util/HashMap$Node; @ 131 c2
Event: 2.592 Thread 0x0000021b2609ae40 DEOPT PACKING pc=0x0000021b1051e00c sp=0x000000b60c4fad70
Event: 2.592 Thread 0x0000021b2609ae40 DEOPT UNPACKING pc=0x0000021b0feda1a3 sp=0x000000b60c4fac90 mode 2
Event: 3.170 Thread 0x0000021b2609ae40 Uncommon trap: trap_request=0xffffff45 fr.pc=0x0000021b1051f944 relative=0x00000000000005c4
Event: 3.170 Thread 0x0000021b2609ae40 Uncommon trap: reason=unstable_if action=reinterpret pc=0x0000021b1051f944 method=java.util.Properties$LineReader.readLine()I @ 95 c2
Event: 3.170 Thread 0x0000021b2609ae40 DEOPT PACKING pc=0x0000021b1051f944 sp=0x000000b60c4fb320
Event: 3.170 Thread 0x0000021b2609ae40 DEOPT UNPACKING pc=0x0000021b0feda1a3 sp=0x000000b60c4fb2d0 mode 2
Event: 3.462 Thread 0x0000021b2609ae40 Uncommon trap: trap_request=0xffffff45 fr.pc=0x0000021b10470a84 relative=0x00000000000005c4
Event: 3.462 Thread 0x0000021b2609ae40 Uncommon trap: reason=unstable_if action=reinterpret pc=0x0000021b10470a84 method=java.util.HashMap.hash(Ljava/lang/Object;)I @ 1 c2
Event: 3.462 Thread 0x0000021b2609ae40 DEOPT PACKING pc=0x0000021b10470a84 sp=0x000000b60c4f75d0
Event: 3.462 Thread 0x0000021b2609ae40 DEOPT UNPACKING pc=0x0000021b0feda1a3 sp=0x000000b60c4f7478 mode 2

Classes unloaded (0 events):
No events

Classes redefined (0 events):
No events

Internal exceptions (20 events):
Event: 2.641 Thread 0x0000021b2609ae40 Exception <a 'java/lang/NoSuchMethodError'{0x0000000081ce0420}: 'java.lang.Object java.lang.invoke.DirectMethodHandle$Holder.invokeVirtual(java.lang.Object, java.lang.Object, java.lang.Object, java.lang.Object, java.lang.Object, java.lang.Object, java.lang.Object, java.lang.Object, java.lang.Object, java.lang.Object, java.lang.Object, java.lang.Object, java.lang.Object, java.lang.Object, java.lang.Object, java.lang.Object, java.lang.Object, java.lang.Object, java.lang.Object, java.lang.Object, java.lang.Ob
Event: 2.970 Thread 0x0000021b2609ae40 Exception <a 'java/lang/NoSuchMethodError'{0x0000000084d2df68}: 'void java.lang.invoke.DirectMethodHandle$Holder.invokeStaticInit(java.lang.Object, java.lang.Object)'> (0x0000000084d2df68) 
thrown [s\src\hotspot\share\interpreter\linkResolver.cpp, line 771]
Event: 3.007 Thread 0x0000021b2609ae40 Exception <a 'java/lang/NoSuchMethodError'{0x0000000084c52378}: 'java.lang.Object java.lang.invoke.DirectMethodHandle$Holder.invokeStaticInit(java.lang.Object, java.lang.Object, java.lang.Object)'> (0x0000000084c52378) 
thrown [s\src\hotspot\share\interpreter\linkResolver.cpp, line 771]
Event: 3.009 Thread 0x0000021b2609ae40 Exception <a 'java/lang/NoSuchMethodError'{0x0000000084c5c7f0}: 'void java.lang.invoke.DirectMethodHandle$Holder.invokeStatic(java.lang.Object, java.lang.Object, java.lang.Object, java.lang.Object, java.lang.Object, java.lang.Object)'> (0x0000000084c5c7f0) 
thrown [s\src\hotspot\share\interpreter\linkResolver.cpp, line 771]
Event: 3.112 Thread 0x0000021b2609ae40 Exception <a 'java/lang/NoSuchMethodError'{0x0000000083601be0}: 'void java.lang.invoke.DirectMethodHandle$Holder.invokeStatic(java.lang.Object, java.lang.Object, java.lang.Object, java.lang.Object)'> (0x0000000083601be0) 
thrown [s\src\hotspot\share\interpreter\linkResolver.cpp, line 771]
Event: 3.114 Thread 0x0000021b2609ae40 Exception <a 'java/lang/NoSuchMethodError'{0x0000000083615068}: 'int java.lang.invoke.DirectMethodHandle$Holder.invokeVirtual(java.lang.Object, java.lang.Object)'> (0x0000000083615068) 
thrown [s\src\hotspot\share\interpreter\linkResolver.cpp, line 771]
Event: 3.122 Thread 0x0000021b2609ae40 Exception <a 'java/lang/NoSuchMethodError'{0x0000000083649ed0}: 'int java.lang.invoke.DirectMethodHandle$Holder.invokeVirtual(java.lang.Object, java.lang.Object, java.lang.Object)'> (0x0000000083649ed0) 
thrown [s\src\hotspot\share\interpreter\linkResolver.cpp, line 771]
Event: 3.328 Thread 0x0000021b2609ae40 Exception <a 'java/lang/NoSuchMethodError'{0x0000000082c03b48}: 'java.lang.Object java.lang.invoke.DirectMethodHandle$Holder.invokeSpecialIFC(java.lang.Object, java.lang.Object, java.lang.Object, java.lang.Object)'> (0x0000000082c03b48) 
thrown [s\src\hotspot\share\interpreter\linkResolver.cpp, line 771]
Event: 3.462 Thread 0x0000021b2609ae40 Implicit null exception at 0x0000021b1047050c to 0x0000021b10470a64
Event: 3.512 Thread 0x0000021b2609ae40 Exception <a 'java/lang/NoSuchMethodError'{0x000000008500ba90}: 'java.lang.Object java.lang.invoke.DirectMethodHandle$Holder.invokeSpecial(java.lang.Object, java.lang.Object, java.lang.Object, java.lang.Object, java.lang.Object, java.lang.Object, java.lang.Object, java.lang.Object, java.lang.Object, java.lang.Object, java.lang.Object, java.lang.Object, java.lang.Object)'> (0x000000008500ba90) 
thrown [s\src\hotspot\share\interpreter\linkResolver.cpp, line 771]
Event: 3.513 Thread 0x0000021b2609ae40 Exception <a 'java/lang/NoSuchMethodError'{0x000000008501d0b8}: 'java.lang.Object java.lang.invoke.DirectMethodHandle$Holder.newInvokeSpecial(java.lang.Object, java.lang.Object, java.lang.Object, java.lang.Object, java.lang.Object, java.lang.Object, java.lang.Object, java.lang.Object, java.lang.Object, java.lang.Object, java.lang.Object)'> (0x000000008501d0b8) 
thrown [s\src\hotspot\share\interpreter\linkResolver.cpp, line 771]
Event: 3.514 Thread 0x0000021b2609ae40 Exception <a 'java/lang/NoSuchMethodError'{0x0000000085022150}: 'java.lang.Object java.lang.invoke.Invokers$Holder.linkToTargetMethod(java.lang.Object, java.lang.Object, java.lang.Object, java.lang.Object, java.lang.Object, java.lang.Object, java.lang.Object, java.lang.Object, java.lang.Object, java.lang.Object, java.lang.Object)'> (0x0000000085022150) 
thrown [s\src\hotspot\share\interpreter\linkResolver.cpp, line 771]
Event: 3.521 Thread 0x0000021b2609ae40 Exception <a 'java/lang/NoSuchMethodError'{0x0000000085068cf8}: 'java.lang.Object java.lang.invoke.DirectMethodHandle$Holder.invokeSpecial(java.lang.Object, java.lang.Object, java.lang.Object, java.lang.Object, java.lang.Object, java.lang.Object, java.lang.Object, java.lang.Object, java.lang.Object, java.lang.Object, java.lang.Object, java.lang.Object, java.lang.Object, java.lang.Object)'> (0x0000000085068cf8) 
thrown [s\src\hotspot\share\interpreter\linkResolver.cpp, line 771]
Event: 3.522 Thread 0x0000021b2609ae40 Exception <a 'java/lang/NoSuchMethodError'{0x000000008507b610}: 'java.lang.Object java.lang.invoke.DirectMethodHandle$Holder.newInvokeSpecial(java.lang.Object, java.lang.Object, java.lang.Object, java.lang.Object, java.lang.Object, java.lang.Object, java.lang.Object, java.lang.Object, java.lang.Object, java.lang.Object, java.lang.Object, java.lang.Object)'> (0x000000008507b610) 
thrown [s\src\hotspot\share\interpreter\linkResolver.cpp, line 771]
Event: 3.523 Thread 0x0000021b2609ae40 Exception <a 'java/lang/NoSuchMethodError'{0x0000000085080fa8}: 'java.lang.Object java.lang.invoke.Invokers$Holder.linkToTargetMethod(java.lang.Object, java.lang.Object, java.lang.Object, java.lang.Object, java.lang.Object, java.lang.Object, java.lang.Object, java.lang.Object, java.lang.Object, java.lang.Object, java.lang.Object, java.lang.Object)'> (0x0000000085080fa8) 
thrown [s\src\hotspot\share\interpreter\linkResolver.cpp, line 771]
Event: 3.536 Thread 0x0000021b2609ae40 Exception <a 'java/lang/NoSuchMethodError'{0x0000000084f16fa0}: 'java.lang.Object java.lang.invoke.DirectMethodHandle$Holder.invokeStaticInit(java.lang.Object, java.lang.Object, java.lang.Object, java.lang.Object)'> (0x0000000084f16fa0) 
thrown [s\src\hotspot\share\interpreter\linkResolver.cpp, line 771]
Event: 3.722 Thread 0x0000021b2609ae40 Exception <a 'java/lang/NoSuchMethodError'{0x0000000083463880}: 'java.lang.Object java.lang.invoke.DirectMethodHandle$Holder.newInvokeSpecial(java.lang.Object, java.lang.Object, java.lang.Object, java.lang.Object, java.lang.Object, java.lang.Object, java.lang.Object, java.lang.Object)'> (0x0000000083463880) 
thrown [s\src\hotspot\share\interpreter\linkResolver.cpp, line 771]
Event: 3.723 Thread 0x0000021b2609ae40 Exception <a 'java/lang/NoSuchMethodError'{0x0000000083469660}: 'java.lang.Object java.lang.invoke.Invokers$Holder.linkToTargetMethod(java.lang.Object, java.lang.Object, java.lang.Object, java.lang.Object, java.lang.Object, java.lang.Object, java.lang.Object, java.lang.Object)'> (0x0000000083469660) 
thrown [s\src\hotspot\share\interpreter\linkResolver.cpp, line 771]
Event: 3.731 Thread 0x0000021b2609ae40 Exception <a 'java/lang/IncompatibleClassChangeError'{0x00000000834cda78}: Found class java.lang.Object, but interface was expected> (0x00000000834cda78) 
thrown [s\src\hotspot\share\interpreter\linkResolver.cpp, line 838]
Event: 3.810 Thread 0x0000021b2609ae40 Exception <a 'java/lang/NoSuchMethodError'{0x0000000082fb8f60}: 'java.lang.Object java.lang.invoke.DirectMethodHandle$Holder.newInvokeSpecial(java.lang.Object, java.lang.Object, int, int)'> (0x0000000082fb8f60) 
thrown [s\src\hotspot\share\interpreter\linkResolver.cpp, line 771]

VM Operations (20 events):
Event: 1.708 Executing VM operation: CollectForMetadataAllocation
Event: 1.715 Executing VM operation: CollectForMetadataAllocation done
Event: 1.720 Executing VM operation: G1PauseRemark
Event: 1.722 Executing VM operation: G1PauseRemark done
Event: 1.723 Executing VM operation: G1PauseCleanup
Event: 1.725 Executing VM operation: G1PauseCleanup done
Event: 2.045 Executing VM operation: HandshakeAllThreads
Event: 2.045 Executing VM operation: HandshakeAllThreads done
Event: 2.046 Executing VM operation: HandshakeAllThreads
Event: 2.046 Executing VM operation: HandshakeAllThreads done
Event: 2.675 Executing VM operation: G1CollectForAllocation
Event: 2.684 Executing VM operation: G1CollectForAllocation done
Event: 2.734 Executing VM operation: G1CollectForAllocation
Event: 2.738 Executing VM operation: G1CollectForAllocation done
Event: 3.402 Executing VM operation: G1CollectForAllocation
Event: 3.407 Executing VM operation: G1CollectForAllocation done
Event: 3.466 Executing VM operation: HandshakeAllThreads
Event: 3.466 Executing VM operation: HandshakeAllThreads done
Event: 3.714 Executing VM operation: HandshakeAllThreads
Event: 3.714 Executing VM operation: HandshakeAllThreads done

Events (20 events):
Event: 3.476 loading class java/lang/SafeVarargs done
Event: 3.482 loading class java/util/regex/Pattern$GroupCurly
Event: 3.482 loading class java/util/regex/Pattern$GroupCurly done
Event: 3.531 Thread 0x0000021b2547a550 Thread added: 0x0000021b2547a550
Event: 3.552 Thread 0x0000021b264d1c50 Thread added: 0x0000021b264d1c50
Event: 3.683 Thread 0x0000021b264d0300 Thread added: 0x0000021b264d0300
Event: 3.815 loading class jdk/internal/reflect/UnsafeStaticIntegerFieldAccessorImpl
Event: 3.815 loading class jdk/internal/reflect/UnsafeStaticIntegerFieldAccessorImpl done
Event: 3.857 loading class java/beans/PropertyDescriptor
Event: 3.857 loading class java/beans/PropertyDescriptor done
Event: 3.878 loading class java/util/EventListener
Event: 3.878 loading class java/util/EventListener done
Event: 3.888 loading class java/util/BitSet
Event: 3.889 loading class java/util/BitSet done
Event: 3.895 loading class java/util/TimerTask
Event: 3.896 loading class java/util/TimerTask done
Event: 3.896 loading class java/util/Timer
Event: 3.896 loading class java/util/Timer done
Event: 3.897 loading class java/lang/Process
Event: 3.897 loading class java/lang/Process done


Dynamic libraries:
0x00007ff74c530000 - 0x00007ff74c53a000 	C:\Program Files\Android\Android Studio1\jbr\bin\java.exe
0x00007fff11e30000 - 0x00007fff12046000 	C:\WINDOWS\SYSTEM32\ntdll.dll
0x00007fff111e0000 - 0x00007fff112a4000 	C:\WINDOWS\System32\KERNEL32.DLL
0x00007fff0f270000 - 0x00007fff0f617000 	C:\WINDOWS\System32\KERNELBASE.dll
0x00007fff0f150000 - 0x00007fff0f261000 	C:\WINDOWS\System32\ucrtbase.dll
0x00007ffeb46e0000 - 0x00007ffeb46f7000 	C:\Program Files\Android\Android Studio1\jbr\bin\jli.dll
0x00007fff10f10000 - 0x00007fff110be000 	C:\WINDOWS\System32\USER32.dll
0x00007fff0f8d0000 - 0x00007fff0f8f6000 	C:\WINDOWS\System32\win32u.dll
0x00007ffe97a50000 - 0x00007ffe97a6b000 	C:\Program Files\Android\Android Studio1\jbr\bin\VCRUNTIME140.dll
0x00007fff10d80000 - 0x00007fff10da9000 	C:\WINDOWS\System32\GDI32.dll
0x00007fff0f900000 - 0x00007fff0fa19000 	C:\WINDOWS\System32\gdi32full.dll
0x00007ffefa3b0000 - 0x00007ffefa643000 	C:\WINDOWS\WinSxS\amd64_microsoft.windows.common-controls_6595b64144ccf1df_6.0.22621.3235_none_270f74e173860f98\COMCTL32.dll
0x00007fff112b0000 - 0x00007fff11357000 	C:\WINDOWS\System32\msvcrt.dll
0x00007fff0f620000 - 0x00007fff0f6ba000 	C:\WINDOWS\System32\msvcp_win.dll
0x00007fff10b80000 - 0x00007fff10bb1000 	C:\WINDOWS\System32\IMM32.DLL
0x00007ffe97a40000 - 0x00007ffe97a4c000 	C:\Program Files\Android\Android Studio1\jbr\bin\vcruntime140_1.dll
0x00007ffe979b0000 - 0x00007ffe97a3d000 	C:\Program Files\Android\Android Studio1\jbr\bin\msvcp140.dll
0x00007ffeb4b00000 - 0x00007ffeb5783000 	C:\Program Files\Android\Android Studio1\jbr\bin\server\jvm.dll
0x00007fff11d30000 - 0x00007fff11de2000 	C:\WINDOWS\System32\ADVAPI32.dll
0x00007fff10cc0000 - 0x00007fff10d68000 	C:\WINDOWS\System32\sechost.dll
0x00007fff0f8a0000 - 0x00007fff0f8c8000 	C:\WINDOWS\System32\bcrypt.dll
0x00007fff110c0000 - 0x00007fff111d5000 	C:\WINDOWS\System32\RPCRT4.dll
0x00007fff03a60000 - 0x00007fff03a94000 	C:\WINDOWS\SYSTEM32\WINMM.dll
0x00007fff0ef70000 - 0x00007fff0efbd000 	C:\WINDOWS\SYSTEM32\POWRPROF.dll
0x00007fff066d0000 - 0x00007fff066d9000 	C:\WINDOWS\SYSTEM32\WSOCK32.dll
0x00007fff03540000 - 0x00007fff0354a000 	C:\WINDOWS\SYSTEM32\VERSION.dll
0x00007fff10bc0000 - 0x00007fff10c31000 	C:\WINDOWS\System32\WS2_32.dll
0x00007fff0ee50000 - 0x00007fff0ee63000 	C:\WINDOWS\SYSTEM32\UMPDC.dll
0x00007fff0e150000 - 0x00007fff0e168000 	C:\WINDOWS\SYSTEM32\kernel.appcore.dll
0x00007fff066c0000 - 0x00007fff066ca000 	C:\Program Files\Android\Android Studio1\jbr\bin\jimage.dll
0x00007fff0c9c0000 - 0x00007fff0cbf3000 	C:\WINDOWS\SYSTEM32\DBGHELP.DLL
0x00007fff0fb60000 - 0x00007fff0fee8000 	C:\WINDOWS\System32\combase.dll
0x00007fff11620000 - 0x00007fff116f7000 	C:\WINDOWS\System32\OLEAUT32.dll
0x00007ffef2f00000 - 0x00007ffef2f32000 	C:\WINDOWS\SYSTEM32\dbgcore.DLL
0x00007fff0fa20000 - 0x00007fff0fa99000 	C:\WINDOWS\System32\bcryptPrimitives.dll
0x00007fff03aa0000 - 0x00007fff03ac5000 	C:\Program Files\Android\Android Studio1\jbr\bin\java.dll
0x00007ffec0260000 - 0x00007ffec0278000 	C:\Program Files\Android\Android Studio1\jbr\bin\zip.dll
0x00007fff100e0000 - 0x00007fff1093c000 	C:\WINDOWS\System32\SHELL32.dll
0x00007fff0d060000 - 0x00007fff0d959000 	C:\WINDOWS\SYSTEM32\windows.storage.dll
0x00007fff0cf20000 - 0x00007fff0d05e000 	C:\WINDOWS\SYSTEM32\wintypes.dll
0x00007fff11360000 - 0x00007fff11453000 	C:\WINDOWS\System32\SHCORE.dll
0x00007fff10a50000 - 0x00007fff10aae000 	C:\WINDOWS\System32\shlwapi.dll
0x00007fff0f080000 - 0x00007fff0f0a1000 	C:\WINDOWS\SYSTEM32\profapi.dll
0x00007ffec0240000 - 0x00007ffec0259000 	C:\Program Files\Android\Android Studio1\jbr\bin\net.dll
0x00007fff07ad0000 - 0x00007fff07c06000 	C:\WINDOWS\SYSTEM32\WINHTTP.dll
0x00007fff0e5b0000 - 0x00007fff0e619000 	C:\WINDOWS\system32\mswsock.dll
0x00007ffeb5920000 - 0x00007ffeb5936000 	C:\Program Files\Android\Android Studio1\jbr\bin\nio.dll
0x00007fff06720000 - 0x00007fff06730000 	C:\Program Files\Android\Android Studio1\jbr\bin\verify.dll
0x00007ffe9db30000 - 0x00007ffe9db57000 	C:\Users\hrp31\.gradle\native\68d5fa5c4cc2d200863cafc0d521ce42e7d3e7ee720ec0a83991735586a16f82\windows-amd64\native-platform.dll
0x00007ffe95280000 - 0x00007ffe953c4000 	C:\Users\hrp31\.gradle\native\e376f236ea51e6404a007f0833ffe2c6e607c4080706a723a18a27aeea778392\windows-amd64\native-platform-file-events.dll
0x00007fff06740000 - 0x00007fff06749000 	C:\Program Files\Android\Android Studio1\jbr\bin\management.dll
0x00007fff06730000 - 0x00007fff0673b000 	C:\Program Files\Android\Android Studio1\jbr\bin\management_ext.dll
0x00007fff10b60000 - 0x00007fff10b68000 	C:\WINDOWS\System32\PSAPI.DLL
0x00007fff0e900000 - 0x00007fff0e91b000 	C:\WINDOWS\SYSTEM32\CRYPTSP.dll
0x00007fff0e0b0000 - 0x00007fff0e0e5000 	C:\WINDOWS\system32\rsaenh.dll
0x00007fff0e650000 - 0x00007fff0e678000 	C:\WINDOWS\SYSTEM32\USERENV.dll
0x00007fff0e8e0000 - 0x00007fff0e8ec000 	C:\WINDOWS\SYSTEM32\CRYPTBASE.dll
0x00007fff0dbb0000 - 0x00007fff0dbdd000 	C:\WINDOWS\SYSTEM32\IPHLPAPI.DLL
0x00007fff10d70000 - 0x00007fff10d79000 	C:\WINDOWS\System32\NSI.dll
0x00007fff068e0000 - 0x00007fff068f9000 	C:\WINDOWS\SYSTEM32\dhcpcsvc6.DLL
0x00007fff068c0000 - 0x00007fff068df000 	C:\WINDOWS\SYSTEM32\dhcpcsvc.DLL
0x00007fff0dbe0000 - 0x00007fff0dcd9000 	C:\WINDOWS\SYSTEM32\DNSAPI.dll
0x00007fff06750000 - 0x00007fff06758000 	C:\WINDOWS\system32\wshunix.dll

dbghelp: loaded successfully - version: 4.0.5 - missing functions: none
symbol engine: initialized successfully - sym options: 0x614 - pdb path: .;C:\Program Files\Android\Android Studio1\jbr\bin;C:\WINDOWS\SYSTEM32;C:\WINDOWS\WinSxS\amd64_microsoft.windows.common-controls_6595b64144ccf1df_6.0.22621.3235_none_270f74e173860f98;C:\Program Files\Android\Android Studio1\jbr\bin\server;C:\Users\hrp31\.gradle\native\68d5fa5c4cc2d200863cafc0d521ce42e7d3e7ee720ec0a83991735586a16f82\windows-amd64;C:\Users\hrp31\.gradle\native\e376f236ea51e6404a007f0833ffe2c6e607c4080706a723a18a27aeea778392\windows-amd64

VM Arguments:
jvm_args: --add-opens=java.base/java.util=ALL-UNNAMED --add-opens=java.base/java.lang=ALL-UNNAMED --add-opens=java.base/java.lang.invoke=ALL-UNNAMED --add-opens=java.prefs/java.util.prefs=ALL-UNNAMED --add-opens=java.base/java.nio.charset=ALL-UNNAMED --add-opens=java.base/java.net=ALL-UNNAMED --add-opens=java.base/java.util.concurrent.atomic=ALL-UNNAMED -Xmx2048m -Dfile.encoding=UTF-8 -Duser.country=IN -Duser.language=en -Duser.variant 
java_command: org.gradle.launcher.daemon.bootstrap.GradleDaemon 8.0
java_class_path (initial): C:\Users\hrp31\.gradle\wrapper\dists\gradle-8.0-bin\ca5e32bp14vu59qr306oxotwh\gradle-8.0\lib\gradle-launcher-8.0.jar
Launcher Type: SUN_STANDARD

[Global flags]
     intx CICompilerCount                          = 4                                         {product} {ergonomic}
     uint ConcGCThreads                            = 2                                         {product} {ergonomic}
     uint G1ConcRefinementThreads                  = 8                                         {product} {ergonomic}
   size_t G1HeapRegionSize                         = 1048576                                   {product} {ergonomic}
    uintx GCDrainStackTargetSize                   = 64                                        {product} {ergonomic}
   size_t InitialHeapSize                          = 130023424                                 {product} {ergonomic}
   size_t MarkStackSize                            = 4194304                                   {product} {ergonomic}
   size_t MaxHeapSize                              = 2147483648                                {product} {command line}
   size_t MaxNewSize                               = 1287651328                                {product} {ergonomic}
   size_t MinHeapDeltaBytes                        = 1048576                                   {product} {ergonomic}
   size_t MinHeapSize                              = 8388608                                   {product} {ergonomic}
    uintx NonNMethodCodeHeapSize                   = 5839372                                {pd product} {ergonomic}
    uintx NonProfiledCodeHeapSize                  = 122909434                              {pd product} {ergonomic}
    uintx ProfiledCodeHeapSize                     = 122909434                              {pd product} {ergonomic}
    uintx ReservedCodeCacheSize                    = 251658240                              {pd product} {ergonomic}
     bool SegmentedCodeCache                       = true                                      {product} {ergonomic}
   size_t SoftMaxHeapSize                          = 2147483648                             {manageable} {ergonomic}
     bool UseCompressedClassPointers               = true                           {product lp64_product} {ergonomic}
     bool UseCompressedOops                        = true                           {product lp64_product} {ergonomic}
     bool UseG1GC                                  = true                                      {product} {ergonomic}
     bool UseLargePagesIndividualAllocation        = false                                  {pd product} {ergonomic}

Logging:
Log output configuration:
 #0: stdout all=warning uptime,level,tags
 #1: stderr all=off uptime,level,tags

Environment Variables:
PATH=C:\Program Files (x86)\Common Files\Oracle\Java\java8path;C:\Program Files (x86)\Common Files\Oracle\Java\javapath;C:\WINDOWS\system32;C:\WINDOWS;C:\WINDOWS\System32\Wbem;C:\WINDOWS\System32\WindowsPowerShell\v1.0\;C:\WINDOWS\System32\OpenSSH\;C:\Program Files\Git\cmd;C:\Program Files\nodejs\;C:\msys64\ucrt64\bin;C:\MinGW\bin;C:\Program Files\dotnet\;C:\Users\hrp31\AppData\Local\Microsoft\WindowsApps;C:\Users\hrp31\AppData\Local\Programs\Microsoft VS Code\bin;C:\Users\hrp31\AppData\Roaming\npm;C:\msys64\ucrt64\bin;C:\msys64\mingw64\bin;C:\MinGW\bin;C:\Program Files\Java\jdk1.8.0_131\bin;C:\Users\hrp31\Downloads\flutter_windows_3.19.5-stable\flutter\bin;C:\Users\hrp31\Downloads\dartsdk-windows-x64-release\dart-sdk\bin;C:\Users\hrp31\AppData\Local\Pub\Cache\bin;
USERNAME=hrp31
OS=Windows_NT
PROCESSOR_IDENTIFIER=Intel64 Family 6 Model 140 Stepping 1, GenuineIntel
TMP=C:\Users\hrp31\AppData\Local\Temp
TEMP=C:\Users\hrp31\AppData\Local\Temp



Periodic native trim disabled

JNI global refs:
JNI global refs: 24, weak refs: 0

JNI global refs memory usage: 843, weak refs: 841

OOME stack traces (most recent first):
Classloader memory used:
Loader org.gradle.internal.classloader.VisitableURLClassLoader                         : 1931K
Loader bootstrap                                                                       : 1909K
Loader org.gradle.initialization.MixInLegacyTypesClassLoader                           : 410K
Loader jdk.internal.loader.ClassLoaders$AppClassLoader                                 : 26051B
Loader jdk.internal.loader.ClassLoaders$PlatformClassLoader                            : 16096B
Loader jdk.internal.reflect.DelegatingClassLoader                                      : 3031B

Classes loaded by more than one classloader:
Class org.gradle.internal.installation.GradleInstallation                             : loaded 2 times (x 73B)
Class org.gradle.internal.classpath.ClassPath                                         : loaded 2 times (x 68B)
Class org.gradle.api.internal.classpath.DefaultModuleRegistry                         : loaded 2 times (x 84B)
Class org.gradle.api.Action                                                           : loaded 2 times (x 68B)
Class org.gradle.api.internal.DefaultClassPathProvider                                : loaded 2 times (x 74B)
Class org.gradle.internal.installation.GradleInstallation$1                           : loaded 2 times (x 73B)
Class org.gradle.internal.classloader.FilteringClassLoader                            : loaded 2 times (x 103B)
Class org.gradle.internal.classpath.DefaultClassPath$ImmutableUniqueList$Builder      : loaded 2 times (x 73B)
Class org.gradle.internal.classloader.ClassLoaderVisitor                              : loaded 2 times (x 74B)
Class org.gradle.internal.service.DefaultServiceLocator                               : loaded 2 times (x 81B)
Class org.gradle.internal.service.UnknownServiceException                             : loaded 2 times (x 81B)
Class org.gradle.internal.classloader.DefaultClassLoaderFactory                       : loaded 2 times (x 80B)
Class org.gradle.internal.classloader.VisitableURLClassLoader$Spec                    : loaded 2 times (x 72B)
Class org.gradle.api.GradleException                                                  : loaded 2 times (x 80B)
Class org.gradle.api.internal.classpath.ModuleRegistry                                : loaded 2 times (x 68B)
Class org.gradle.api.internal.ClassPathProvider                                       : loaded 2 times (x 68B)
Class org.gradle.internal.classloader.ClasspathUtil$1                                 : loaded 2 times (x 74B)
Class org.gradle.internal.classloader.ClassLoaderFactory                              : loaded 2 times (x 68B)
Class org.gradle.api.internal.classpath.ManifestUtil                                  : loaded 2 times (x 69B)
Class org.gradle.api.specs.Spec                                                       : loaded 2 times (x 68B)
Class org.gradle.internal.IoActions                                                   : loaded 2 times (x 69B)
Class org.gradle.api.internal.classpath.EffectiveClassPath                            : loaded 2 times (x 88B)
Class org.gradle.internal.installation.CurrentGradleInstallation                      : loaded 2 times (x 71B)
Class org.gradle.internal.installation.CurrentGradleInstallationLocator               : loaded 2 times (x 69B)
Class org.gradle.api.internal.classpath.Module                                        : loaded 2 times (x 68B)
Class org.gradle.internal.service.CachingServiceLocator                               : loaded 2 times (x 80B)
Class org.gradle.internal.classpath.DefaultClassPath                                  : loaded 2 times (x 88B)
Class org.gradle.internal.classloader.SystemClassLoaderSpec                           : loaded 2 times (x 69B)
Class org.gradle.api.UncheckedIOException                                             : loaded 2 times (x 80B)
Class org.gradle.internal.classloader.ClasspathUtil                                   : loaded 2 times (x 69B)
Class org.gradle.api.internal.DefaultClassPathRegistry                                : loaded 2 times (x 74B)
Class org.gradle.api.internal.classpath.DefaultModuleRegistry$DefaultModule           : loaded 2 times (x 84B)
Class org.gradle.api.internal.classpath.UnknownModuleException                        : loaded 2 times (x 80B)
Class org.gradle.internal.service.ServiceLookupException                              : loaded 2 times (x 80B)
Class org.gradle.cache.GlobalCache                                                    : loaded 2 times (x 68B)
Class [Lorg.gradle.api.internal.ClassPathProvider;                                    : loaded 2 times (x 67B)
Class org.gradle.util.internal.GUtil                                                  : loaded 2 times (x 69B)
Class org.gradle.internal.classloader.ClassLoaderSpec                                 : loaded 2 times (x 69B)
Class org.gradle.internal.classloader.VisitableURLClassLoader                         : loaded 2 times (x 115B)
Class org.gradle.internal.Cast                                                        : loaded 2 times (x 69B)
Class org.gradle.api.internal.ClassPathRegistry                                       : loaded 2 times (x 68B)
Class org.gradle.internal.classloader.ClassLoaderHierarchy                            : loaded 2 times (x 68B)
Class org.gradle.internal.InternalTransformer                                         : loaded 2 times (x 68B)
Class org.gradle.internal.service.ServiceLocator                                      : loaded 2 times (x 68B)
Class org.gradle.internal.classpath.DefaultClassPath$ImmutableUniqueList              : loaded 2 times (x 159B)


---------------  S Y S T E M  ---------------

OS:
 Windows 11 , 64 bit Build 22621 (10.0.22621.3374)
OS uptime: 0 days 0:01 hours
Hyper-V role detected

CPU: total 8 (initial active 8) (4 cores per cpu, 2 threads per core) family 6 model 140 stepping 1 microcode 0xb4, cx8, cmov, fxsr, ht, mmx, 3dnowpref, sse, sse2, sse3, ssse3, sse4.1, sse4.2, popcnt, lzcnt, tsc, tscinvbit, avx, avx2, aes, erms, clmul, bmi1, bmi2, adx, avx512f, avx512dq, avx512cd, avx512bw, avx512vl, sha, fma, vzeroupper, avx512_vpopcntdq, avx512_vpclmulqdq, avx512_vaes, avx512_vnni, clflush, clflushopt, clwb, avx512_vbmi2, avx512_vbmi, hv
Processor Information for all 8 processors :
  Max Mhz: 2419, Current Mhz: 2419, Mhz Limit: 2419

Memory: 4k page, system-wide physical 7926M (388M free)
TotalPageFile size 7926M (AvailPageFile size 9M)
current process WorkingSet (physical memory assigned to process): 198M, peak: 198M
current process commit charge ("private bytes"): 240M, peak: 259M

vm_info: OpenJDK 64-Bit Server VM (17.0.9+0--11185874) for windows-amd64 JRE (17.0.9+0--11185874), built on Dec  6 2023 18:57:44 by "androidbuild" with MS VC++ 16.10 / 16.11 (VS2019)

END.
